TN:
SF:/Users/chenghannkoi/Documents/GitHub/BIT216-ESWeb/esweb/src/polyfills.ts
FNF:0
FNH:0
LF:0
LH:0
BRF:0
BRH:0
end_of_record
TN:
SF:/Users/chenghannkoi/Documents/GitHub/BIT216-ESWeb/esweb/src/test.ts
FNF:0
FNH:0
DA:18,1
DA:23,1
DA:25,1
LF:3
LH:3
BRF:0
BRH:0
end_of_record
TN:
SF:/Users/chenghannkoi/Documents/GitHub/BIT216-ESWeb/esweb/src/app/app.component.ts
FN:9,(anonymous_0)
FNF:1
FNH:1
FNDA:3,(anonymous_0)
DA:9,1
DA:10,3
LF:2
LH:2
BRF:0
BRH:0
end_of_record
TN:
SF:/Users/chenghannkoi/Documents/GitHub/BIT216-ESWeb/esweb/src/app/admin-manage-material/admin-manage-material.component.ts
FN:13,(anonymous_0)
FNF:1
FNH:1
FNDA:1,(anonymous_0)
DA:11,1
DA:12,1
DA:13,1
DA:14,1
LF:4
LH:4
BRF:0
BRH:0
end_of_record
TN:
SF:/Users/chenghannkoi/Documents/GitHub/BIT216-ESWeb/esweb/src/app/admin-manage-material/material.service.ts
FN:17,(anonymous_0)
FN:22,(anonymous_1)
FN:26,(anonymous_2)
FN:41,(anonymous_3)
FN:45,(anonymous_4)
FN:53,(anonymous_5)
FN:58,(anonymous_6)
FN:62,(anonymous_7)
FN:74,(anonymous_8)
FNF:9
FNH:1
FNDA:1,(anonymous_0)
FNDA:0,(anonymous_1)
FNDA:0,(anonymous_2)
FNDA:0,(anonymous_3)
FNDA:0,(anonymous_4)
FNDA:0,(anonymous_5)
FNDA:0,(anonymous_6)
FNDA:0,(anonymous_7)
FNDA:0,(anonymous_8)
DA:7,1
DA:11,1
DA:12,1
DA:14,1
DA:17,1
DA:26,0
DA:29,0
DA:32,0
DA:35,0
DA:42,0
DA:46,0
DA:47,0
DA:48,0
DA:54,0
DA:59,0
DA:63,0
DA:75,0
LF:17
LH:5
BRF:0
BRH:0
end_of_record
TN:
SF:/Users/chenghannkoi/Documents/GitHub/BIT216-ESWeb/esweb/src/app/admin-manage-material/notification.service.ts
FN:9,(anonymous_0)
FN:12,(anonymous_1)
FNF:2
FNH:1
FNDA:1,(anonymous_0)
FNDA:0,(anonymous_1)
DA:7,1
DA:9,1
DA:13,0
LF:3
LH:2
BRF:0
BRH:0
end_of_record
TN:
SF:/Users/chenghannkoi/Documents/GitHub/BIT216-ESWeb/esweb/src/app/auth/auth.guard.ts
FN:10,(anonymous_0)
FN:13,(anonymous_1)
FNF:2
FNH:1
FNDA:1,(anonymous_0)
FNDA:0,(anonymous_1)
DA:9,1
DA:10,1
DA:17,0
DA:18,0
DA:19,0
DA:20,0
DA:23,0
DA:24,0
DA:28,0
DA:30,0
DA:31,0
DA:33,0
DA:34,0
DA:35,0
DA:38,0
DA:39,0
DA:41,0
DA:42,0
DA:43,0
DA:47,0
DA:48,0
DA:49,0
DA:51,0
DA:52,0
DA:55,0
DA:56,0
DA:60,0
DA:61,0
DA:62,0
DA:64,0
DA:65,0
DA:68,0
DA:69,0
DA:74,0
DA:75,0
DA:77,0
DA:78,0
DA:81,0
DA:82,0
DA:86,0
DA:87,0
DA:89,0
DA:90,0
DA:92,0
DA:93,0
DA:95,0
LF:46
LH:2
BRDA:29,0,0,0
BRDA:29,0,1,0
BRDA:29,0,2,0
BRDA:29,0,3,0
BRDA:29,0,4,0
BRDA:29,0,5,0
BRDA:30,1,0,0
BRDA:30,1,1,0
BRDA:30,2,0,0
BRDA:30,2,1,0
BRDA:38,3,0,0
BRDA:38,3,1,0
BRDA:38,4,0,0
BRDA:38,4,1,0
BRDA:47,5,0,0
BRDA:47,5,1,0
BRDA:48,6,0,0
BRDA:48,6,1,0
BRDA:60,7,0,0
BRDA:60,7,1,0
BRDA:61,8,0,0
BRDA:61,8,1,0
BRDA:74,9,0,0
BRDA:74,9,1,0
BRDA:86,10,0,0
BRDA:86,10,1,0
BRF:26
BRH:0
end_of_record
TN:
SF:/Users/chenghannkoi/Documents/GitHub/BIT216-ESWeb/esweb/src/app/auth/auth.service.ts
FN:26,(anonymous_0)
FN:24,(anonymous_1)
FN:28,(anonymous_2)
FN:31,(anonymous_3)
FN:34,(anonymous_4)
FN:37,(anonymous_5)
FN:43,(anonymous_6)
FN:46,(anonymous_7)
FN:49,(anonymous_8)
FN:60,(anonymous_9)
FN:63,(anonymous_10)
FN:65,(anonymous_11)
FN:72,(anonymous_12)
FN:79,(anonymous_13)
FN:82,(anonymous_14)
FN:84,(anonymous_15)
FN:91,(anonymous_16)
FN:96,(anonymous_17)
FN:109,(anonymous_18)
FN:111,(anonymous_19)
FN:117,(anonymous_20)
FN:121,(anonymous_21)
FN:136,(anonymous_22)
FN:141,(anonymous_23)
FN:145,(anonymous_24)
FN:154,(anonymous_25)
FN:157,(anonymous_26)
FN:160,(anonymous_27)
FN:163,(anonymous_28)
FN:169,(anonymous_29)
FN:184,(anonymous_30)
FN:186,(anonymous_31)
FN:204,(anonymous_32)
FN:206,(anonymous_33)
FN:214,(anonymous_34)
FN:216,(anonymous_35)
FN:228,(anonymous_36)
FN:235,(anonymous_37)
FN:261,(anonymous_38)
FN:267,(anonymous_39)
FN:276,(anonymous_40)
FN:277,(anonymous_41)
FN:281,(anonymous_42)
FN:287,(anonymous_43)
FN:293,(anonymous_44)
FN:311,(anonymous_45)
FN:315,(anonymous_46)
FN:318,(anonymous_47)
FN:321,(anonymous_48)
FNF:49
FNH:16
FNDA:10,(anonymous_0)
FNDA:0,(anonymous_1)
FNDA:0,(anonymous_2)
FNDA:0,(anonymous_3)
FNDA:4,(anonymous_4)
FNDA:2,(anonymous_5)
FNDA:2,(anonymous_6)
FNDA:0,(anonymous_7)
FNDA:2,(anonymous_8)
FNDA:1,(anonymous_9)
FNDA:1,(anonymous_10)
FNDA:0,(anonymous_11)
FNDA:0,(anonymous_12)
FNDA:1,(anonymous_13)
FNDA:1,(anonymous_14)
FNDA:0,(anonymous_15)
FNDA:0,(anonymous_16)
FNDA:0,(anonymous_17)
FNDA:0,(anonymous_18)
FNDA:0,(anonymous_19)
FNDA:0,(anonymous_20)
FNDA:0,(anonymous_21)
FNDA:0,(anonymous_22)
FNDA:0,(anonymous_23)
FNDA:0,(anonymous_24)
FNDA:0,(anonymous_25)
FNDA:0,(anonymous_26)
FNDA:0,(anonymous_27)
FNDA:2,(anonymous_28)
FNDA:0,(anonymous_29)
FNDA:0,(anonymous_30)
FNDA:0,(anonymous_31)
FNDA:0,(anonymous_32)
FNDA:0,(anonymous_33)
FNDA:0,(anonymous_34)
FNDA:0,(anonymous_35)
FNDA:0,(anonymous_36)
FNDA:0,(anonymous_37)
FNDA:0,(anonymous_38)
FNDA:2,(anonymous_39)
FNDA:0,(anonymous_40)
FNDA:0,(anonymous_41)
FNDA:0,(anonymous_42)
FNDA:2,(anonymous_43)
FNDA:4,(anonymous_44)
FNDA:7,(anonymous_45)
FNDA:7,(anonymous_46)
FNDA:7,(anonymous_47)
FNDA:0,(anonymous_48)
DA:12,1
DA:13,10
DA:14,10
DA:15,10
DA:26,10
DA:29,0
DA:32,0
DA:35,4
DA:38,2
DA:39,0
DA:41,2
DA:44,2
DA:47,0
DA:50,2
DA:51,0
DA:53,2
DA:59,10
DA:61,1
DA:64,1
DA:66,0
DA:67,0
DA:69,0
DA:73,0
DA:78,10
DA:80,1
DA:83,1
DA:85,0
DA:86,0
DA:88,0
DA:92,0
DA:97,0
DA:98,0
DA:99,0
DA:101,0
DA:102,0
DA:104,0
DA:112,0
DA:122,0
DA:132,0
DA:133,0
DA:137,0
DA:138,0
DA:139,0
DA:142,0
DA:143,0
DA:144,0
DA:146,0
DA:147,0
DA:148,0
DA:150,0
DA:151,0
DA:158,0
DA:161,0
DA:164,2
DA:170,0
DA:171,0
DA:172,0
DA:182,0
DA:185,0
DA:187,0
DA:192,0
DA:202,0
DA:205,0
DA:207,0
DA:213,10
DA:215,0
DA:217,0
DA:218,0
DA:220,0
DA:229,0
DA:231,0
DA:236,0
DA:237,0
DA:238,0
DA:239,0
DA:240,0
DA:241,0
DA:242,0
DA:243,0
DA:244,0
DA:245,0
DA:246,0
DA:247,0
DA:248,0
DA:249,0
DA:251,0
DA:252,0
DA:254,0
DA:255,0
DA:258,0
DA:262,0
DA:268,2
DA:269,2
DA:270,2
DA:271,2
DA:272,2
DA:273,2
DA:277,0
DA:278,0
DA:282,0
DA:283,0
DA:284,0
DA:285,0
DA:288,2
DA:289,2
DA:290,2
DA:291,2
DA:294,4
DA:295,4
DA:296,4
DA:297,4
DA:299,4
DA:300,4
DA:302,0
DA:312,7
DA:313,7
DA:316,7
DA:319,7
DA:322,0
LF:119
LH:39
BRDA:38,0,0,0
BRDA:38,0,1,2
BRDA:50,1,0,0
BRDA:50,1,1,2
BRDA:66,2,0,0
BRDA:66,2,1,0
BRDA:85,3,0,0
BRDA:85,3,1,0
BRDA:99,4,0,0
BRDA:99,4,1,0
BRDA:101,5,0,0
BRDA:101,5,1,0
BRDA:171,6,0,0
BRDA:171,6,1,0
BRDA:217,7,0,0
BRDA:217,7,1,0
BRDA:238,8,0,0
BRDA:238,8,1,0
BRDA:251,9,0,0
BRDA:251,9,1,0
BRDA:254,10,0,0
BRDA:254,10,1,0
BRDA:299,11,0,4
BRDA:299,11,1,0
BRDA:299,12,0,4
BRDA:299,12,1,0
BRF:26
BRH:4
end_of_record
TN:
SF:/Users/chenghannkoi/Documents/GitHub/BIT216-ESWeb/esweb/src/app/auth/auth-login/auth-login.component.ts
FN:23,(anonymous_0)
FN:27,(anonymous_1)
FN:52,(anonymous_2)
FN:63,(anonymous_3)
FN:79,(anonymous_4)
FN:90,(anonymous_5)
FN:106,(anonymous_6)
FN:122,(anonymous_7)
FNF:8
FNH:3
FNDA:1,(anonymous_0)
FNDA:1,(anonymous_1)
FNDA:0,(anonymous_2)
FNDA:0,(anonymous_3)
FNDA:2,(anonymous_4)
FNDA:0,(anonymous_5)
FNDA:0,(anonymous_6)
FNDA:0,(anonymous_7)
DA:11,1
DA:12,1
DA:16,1
DA:17,1
DA:18,1
DA:20,1
DA:23,1
DA:28,1
DA:30,1
DA:32,1
DA:55,0
DA:56,0
DA:57,0
DA:61,0
DA:62,0
DA:64,0
DA:65,0
DA:66,0
DA:67,0
DA:70,0
DA:75,0
DA:76,0
DA:80,2
DA:81,2
DA:83,0
DA:84,0
DA:91,0
DA:93,0
DA:94,0
DA:96,0
DA:99,0
DA:100,0
DA:102,0
DA:107,0
DA:108,0
DA:109,0
DA:110,0
DA:112,0
DA:113,0
DA:123,0
DA:124,0
LF:41
LH:12
BRDA:65,0,0,0
BRDA:65,0,1,0
BRDA:80,1,0,2
BRDA:80,1,1,0
BRDA:92,2,0,0
BRDA:92,2,1,0
BRDA:93,3,0,0
BRDA:93,3,1,0
BRDA:99,4,0,0
BRDA:99,4,1,0
BRDA:109,5,0,0
BRDA:109,5,1,0
BRDA:112,6,0,0
BRDA:112,6,1,0
BRF:14
BRH:1
end_of_record
TN:
SF:/Users/chenghannkoi/Documents/GitHub/BIT216-ESWeb/esweb/src/app/auth/auth-schedule/auth-schedule.component.ts
FN:27,(anonymous_0)
FN:30,(anonymous_1)
FN:46,(anonymous_2)
FN:73,(anonymous_3)
FN:91,(anonymous_4)
FN:190,(anonymous_5)
FN:213,(anonymous_6)
FNF:7
FNH:3
FNDA:1,(anonymous_0)
FNDA:1,(anonymous_1)
FNDA:2,(anonymous_2)
FNDA:0,(anonymous_3)
FNDA:0,(anonymous_4)
FNDA:0,(anonymous_5)
FNDA:0,(anonymous_6)
DA:11,1
DA:12,1
DA:15,1
DA:18,1
DA:19,1
DA:22,1
DA:23,1
DA:27,1
DA:31,1
DA:33,1
DA:34,1
DA:36,1
DA:37,1
DA:38,7
DA:40,1
DA:42,1
DA:47,2
DA:48,1
DA:49,1
DA:50,1
DA:51,1
DA:52,7
DA:54,1
DA:55,1
DA:56,7
DA:57,7
DA:58,7
DA:60,7
DA:67,2
DA:69,2
DA:74,0
DA:75,0
DA:76,0
DA:78,0
DA:79,0
DA:81,0
DA:82,0
DA:83,0
DA:84,0
DA:86,0
DA:87,0
DA:91,0
DA:92,0
DA:93,0
DA:94,0
DA:96,0
DA:98,0
DA:103,0
DA:104,0
DA:105,0
DA:106,0
DA:107,0
DA:108,0
DA:109,0
DA:112,0
DA:113,0
DA:114,0
DA:115,0
DA:116,0
DA:117,0
DA:119,0
DA:120,0
DA:121,0
DA:122,0
DA:124,0
DA:125,0
DA:126,0
DA:127,0
DA:128,0
DA:130,0
DA:131,0
DA:132,0
DA:133,0
DA:134,0
DA:135,0
DA:137,0
DA:138,0
DA:139,0
DA:140,0
DA:141,0
DA:142,0
DA:145,0
DA:146,0
DA:150,0
DA:151,0
DA:152,0
DA:153,0
DA:156,0
DA:157,0
DA:158,0
DA:159,0
DA:163,0
DA:164,0
DA:166,0
DA:172,0
DA:173,0
DA:174,0
DA:175,0
DA:176,0
DA:178,0
DA:191,0
DA:192,0
DA:193,0
DA:194,0
DA:195,0
DA:196,0
DA:199,0
DA:200,0
DA:201,0
LF:109
LH:30
BRDA:47,0,0,1
BRDA:47,0,1,1
BRDA:81,1,0,0
BRDA:81,1,1,0
BRDA:93,2,0,0
BRDA:93,2,1,0
BRDA:114,3,0,0
BRDA:114,3,1,0
BRDA:114,4,0,0
BRDA:114,4,1,0
BRDA:119,5,0,0
BRDA:119,5,1,0
BRDA:119,6,0,0
BRDA:119,6,1,0
BRDA:124,7,0,0
BRDA:124,7,1,0
BRDA:124,8,0,0
BRDA:124,8,1,0
BRDA:124,8,2,0
BRDA:124,8,3,0
BRDA:130,9,0,0
BRDA:130,9,1,0
BRDA:137,10,0,0
BRDA:137,10,1,0
BRDA:152,11,0,0
BRDA:152,11,1,0
BRDA:152,12,0,0
BRDA:152,12,1,0
BRDA:158,13,0,0
BRDA:158,13,1,0
BRDA:163,14,0,0
BRDA:163,14,1,0
BRDA:191,15,0,0
BRDA:191,15,1,0
BRDA:194,16,0,0
BRDA:194,16,1,0
BRDA:195,17,0,0
BRDA:195,17,1,0
BRDA:195,18,0,0
BRDA:195,18,1,0
BRDA:196,19,0,0
BRDA:196,19,1,0
BRDA:196,20,0,0
BRDA:196,20,1,0
BRF:44
BRH:2
end_of_record
TN:
SF:/Users/chenghannkoi/Documents/GitHub/BIT216-ESWeb/esweb/src/app/auth/auth-signup/auth-signup.component.ts
FN:42,(anonymous_0)
FN:46,(anonymous_1)
FN:56,(anonymous_2)
FN:67,(anonymous_3)
FN:71,(anonymous_4)
FN:85,(anonymous_5)
FN:89,(anonymous_6)
FN:103,(anonymous_7)
FN:120,(anonymous_8)
FN:139,(anonymous_9)
FN:205,(anonymous_10)
FN:213,(anonymous_11)
FN:266,(anonymous_12)
FN:315,(anonymous_13)
FN:324,(anonymous_14)
FNF:15
FNH:5
FNDA:1,(anonymous_0)
FNDA:1,(anonymous_1)
FNDA:1,(anonymous_2)
FNDA:0,(anonymous_3)
FNDA:0,(anonymous_4)
FNDA:0,(anonymous_5)
FNDA:0,(anonymous_6)
FNDA:0,(anonymous_7)
FNDA:0,(anonymous_8)
FNDA:1,(anonymous_9)
FNDA:0,(anonymous_10)
FNDA:0,(anonymous_11)
FNDA:0,(anonymous_12)
FNDA:2,(anonymous_13)
FNDA:0,(anonymous_14)
DA:13,1
DA:14,1
DA:19,1
DA:20,1
DA:23,1
DA:24,1
DA:25,1
DA:26,1
DA:27,1
DA:28,1
DA:29,1
DA:30,1
DA:31,1
DA:32,1
DA:33,1
DA:36,1
DA:38,1
DA:42,1
DA:47,1
DA:49,1
DA:50,1
DA:53,1
DA:57,1
DA:58,0
DA:59,0
DA:60,0
DA:61,0
DA:62,0
DA:63,0
DA:68,0
DA:69,0
DA:70,0
DA:72,0
DA:73,0
DA:74,0
DA:76,0
DA:77,0
DA:81,0
DA:86,0
DA:87,0
DA:88,0
DA:90,0
DA:91,0
DA:92,0
DA:94,0
DA:98,0
DA:104,0
DA:105,0
DA:108,0
DA:109,0
DA:110,0
DA:111,0
DA:112,0
DA:113,0
DA:116,0
DA:121,0
DA:122,0
DA:125,0
DA:126,0
DA:127,0
DA:128,0
DA:129,0
DA:130,0
DA:133,0
DA:141,1
DA:171,1
DA:206,0
DA:207,0
DA:208,0
DA:209,0
DA:214,0
DA:215,0
DA:217,0
DA:218,0
DA:220,0
DA:221,0
DA:223,0
DA:224,0
DA:226,0
DA:227,0
DA:229,0
DA:230,0
DA:232,0
DA:235,0
DA:236,0
DA:238,0
DA:239,0
DA:241,0
DA:242,0
DA:244,0
DA:247,0
DA:248,0
DA:250,0
DA:251,0
DA:253,0
DA:256,0
DA:257,0
DA:259,0
DA:260,0
DA:262,0
DA:267,0
DA:268,0
DA:270,0
DA:271,0
DA:273,0
DA:274,0
DA:276,0
DA:277,0
DA:279,0
DA:280,0
DA:282,0
DA:283,0
DA:285,0
DA:288,0
DA:289,0
DA:291,0
DA:292,0
DA:294,0
DA:295,0
DA:297,0
DA:300,0
DA:301,0
DA:303,0
DA:304,0
DA:306,0
DA:316,2
DA:317,0
DA:319,2
DA:325,0
DA:326,0
LF:130
LH:27
BRDA:57,0,0,0
BRDA:57,0,1,1
BRDA:69,1,0,0
BRDA:69,1,1,0
BRDA:69,2,0,0
BRDA:69,2,1,0
BRDA:73,3,0,0
BRDA:73,3,1,0
BRDA:87,4,0,0
BRDA:87,4,1,0
BRDA:87,5,0,0
BRDA:87,5,1,0
BRDA:91,6,0,0
BRDA:91,6,1,0
BRDA:104,7,0,0
BRDA:104,7,1,0
BRDA:121,8,0,0
BRDA:121,8,1,0
BRDA:216,9,0,0
BRDA:216,9,1,0
BRDA:216,9,2,0
BRDA:216,9,3,0
BRDA:217,10,0,0
BRDA:217,10,1,0
BRDA:220,11,0,0
BRDA:220,11,1,0
BRDA:223,12,0,0
BRDA:223,12,1,0
BRDA:226,13,0,0
BRDA:226,13,1,0
BRDA:229,14,0,0
BRDA:229,14,1,0
BRDA:235,15,0,0
BRDA:235,15,1,0
BRDA:238,16,0,0
BRDA:238,16,1,0
BRDA:241,17,0,0
BRDA:241,17,1,0
BRDA:247,18,0,0
BRDA:247,18,1,0
BRDA:250,19,0,0
BRDA:250,19,1,0
BRDA:256,20,0,0
BRDA:256,20,1,0
BRDA:259,21,0,0
BRDA:259,21,1,0
BRDA:269,22,0,0
BRDA:269,22,1,0
BRDA:269,22,2,0
BRDA:270,23,0,0
BRDA:270,23,1,0
BRDA:273,24,0,0
BRDA:273,24,1,0
BRDA:276,25,0,0
BRDA:276,25,1,0
BRDA:279,26,0,0
BRDA:279,26,1,0
BRDA:282,27,0,0
BRDA:282,27,1,0
BRDA:288,28,0,0
BRDA:288,28,1,0
BRDA:291,29,0,0
BRDA:291,29,1,0
BRDA:294,30,0,0
BRDA:294,30,1,0
BRDA:300,31,0,0
BRDA:300,31,1,0
BRDA:303,32,0,0
BRDA:303,32,1,0
BRDA:316,33,0,0
BRDA:316,33,1,2
BRF:71
BRH:2
end_of_record
TN:
SF:/Users/chenghannkoi/Documents/GitHub/BIT216-ESWeb/esweb/src/app/auth/profile/profile.component.ts
FN:57,(anonymous_0)
FN:59,(anonymous_1)
FN:77,(anonymous_2)
FN:113,(anonymous_3)
FN:152,(anonymous_4)
FN:204,(anonymous_5)
FN:211,(anonymous_6)
FN:225,(anonymous_7)
FN:231,(anonymous_8)
FN:241,(anonymous_9)
FN:247,(anonymous_10)
FN:263,(anonymous_11)
FN:267,(anonymous_12)
FN:282,(anonymous_13)
FN:286,(anonymous_14)
FN:302,(anonymous_15)
FN:365,(anonymous_16)
FN:408,(anonymous_17)
FN:460,(anonymous_18)
FN:469,(anonymous_19)
FN:486,(anonymous_20)
FN:582,(anonymous_21)
FNF:22
FNH:6
FNDA:1,(anonymous_0)
FNDA:1,(anonymous_1)
FNDA:0,(anonymous_2)
FNDA:0,(anonymous_3)
FNDA:0,(anonymous_4)
FNDA:0,(anonymous_5)
FNDA:0,(anonymous_6)
FNDA:1,(anonymous_7)
FNDA:0,(anonymous_8)
FNDA:1,(anonymous_9)
FNDA:0,(anonymous_10)
FNDA:0,(anonymous_11)
FNDA:0,(anonymous_12)
FNDA:0,(anonymous_13)
FNDA:0,(anonymous_14)
FNDA:1,(anonymous_15)
FNDA:0,(anonymous_16)
FNDA:0,(anonymous_17)
FNDA:2,(anonymous_18)
FNDA:0,(anonymous_19)
FNDA:0,(anonymous_20)
FNDA:0,(anonymous_21)
DA:15,1
DA:17,1
DA:18,1
DA:21,1
DA:22,1
DA:23,1
DA:24,1
DA:25,1
DA:26,1
DA:27,1
DA:28,1
DA:29,1
DA:30,1
DA:31,1
DA:32,1
DA:34,1
DA:35,1
DA:40,1
DA:41,1
DA:42,1
DA:43,1
DA:44,1
DA:45,1
DA:54,1
DA:55,1
DA:57,1
DA:60,1
DA:69,1
DA:70,1
DA:78,0
DA:79,0
DA:80,0
DA:81,0
DA:82,0
DA:83,0
DA:93,0
DA:94,0
DA:95,0
DA:96,0
DA:97,0
DA:98,0
DA:114,0
DA:116,0
DA:117,0
DA:118,0
DA:122,0
DA:123,0
DA:124,0
DA:125,0
DA:126,0
DA:130,0
DA:131,0
DA:132,0
DA:133,0
DA:137,0
DA:138,0
DA:139,0
DA:140,0
DA:141,0
DA:161,0
DA:162,0
DA:163,0
DA:164,0
DA:165,0
DA:166,0
DA:167,0
DA:168,0
DA:172,0
DA:173,0
DA:174,0
DA:175,0
DA:176,0
DA:177,0
DA:178,0
DA:181,0
DA:182,0
DA:183,0
DA:184,0
DA:185,0
DA:186,0
DA:189,0
DA:190,0
DA:194,0
DA:195,0
DA:196,0
DA:197,0
DA:199,0
DA:205,0
DA:206,0
DA:207,0
DA:208,0
DA:212,0
DA:213,0
DA:214,0
DA:216,0
DA:226,1
DA:227,1
DA:228,1
DA:229,1
DA:230,1
DA:232,0
DA:234,0
DA:236,0
DA:237,0
DA:239,1
DA:242,1
DA:243,1
DA:244,1
DA:246,1
DA:248,0
DA:249,0
DA:250,0
DA:251,0
DA:252,0
DA:253,0
DA:254,0
DA:257,1
DA:264,0
DA:265,0
DA:266,0
DA:268,0
DA:269,0
DA:271,0
DA:272,0
DA:273,0
DA:276,0
DA:279,0
DA:283,0
DA:284,0
DA:285,0
DA:287,0
DA:288,0
DA:290,0
DA:291,0
DA:292,0
DA:295,0
DA:298,0
DA:304,1
DA:333,1
DA:366,0
DA:367,0
DA:369,0
DA:370,0
DA:372,0
DA:373,0
DA:375,0
DA:376,0
DA:378,0
DA:379,0
DA:381,0
DA:382,0
DA:384,0
DA:387,0
DA:388,0
DA:390,0
DA:391,0
DA:393,0
DA:394,0
DA:396,0
DA:399,0
DA:400,0
DA:402,0
DA:403,0
DA:405,0
DA:409,0
DA:410,0
DA:412,0
DA:413,0
DA:415,0
DA:416,0
DA:418,0
DA:419,0
DA:421,0
DA:422,0
DA:424,0
DA:425,0
DA:427,0
DA:430,0
DA:431,0
DA:433,0
DA:434,0
DA:436,0
DA:437,0
DA:439,0
DA:442,0
DA:443,0
DA:445,0
DA:446,0
DA:448,0
DA:451,0
DA:452,0
DA:454,0
DA:455,0
DA:457,0
DA:461,2
DA:462,0
DA:464,2
DA:470,0
DA:471,0
DA:472,0
DA:474,0
DA:475,0
DA:477,0
DA:478,0
DA:479,0
DA:480,0
DA:482,0
DA:483,0
DA:486,0
DA:487,0
DA:488,0
DA:489,0
DA:491,0
DA:498,0
DA:499,0
DA:500,0
DA:501,0
DA:502,0
DA:503,0
DA:504,0
DA:507,0
DA:508,0
DA:509,0
DA:510,0
DA:511,0
DA:512,0
DA:514,0
DA:515,0
DA:516,0
DA:517,0
DA:519,0
DA:520,0
DA:521,0
DA:522,0
DA:523,0
DA:525,0
DA:526,0
DA:527,0
DA:528,0
DA:529,0
DA:531,0
DA:532,0
DA:533,0
DA:534,0
DA:535,0
DA:538,0
DA:539,0
DA:543,0
DA:544,0
DA:545,0
DA:546,0
DA:549,0
DA:550,0
DA:551,0
DA:552,0
DA:565,0
DA:566,0
DA:567,0
DA:568,0
DA:569,0
DA:571,0
DA:583,0
DA:584,0
DA:585,0
DA:586,0
DA:587,0
DA:588,0
DA:590,0
DA:591,0
DA:592,0
DA:593,0
DA:594,0
DA:596,0
DA:603,0
DA:605,0
LF:275
LH:44
BRDA:78,0,0,0
BRDA:78,0,1,0
BRDA:93,1,0,0
BRDA:93,1,1,0
BRDA:114,2,0,0
BRDA:114,2,1,0
BRDA:125,3,0,0
BRDA:125,3,1,0
BRDA:130,4,0,0
BRDA:130,4,1,0
BRDA:140,5,0,0
BRDA:140,5,1,0
BRDA:161,6,0,0
BRDA:161,6,1,0
BRDA:181,7,0,0
BRDA:181,7,1,0
BRDA:181,8,0,0
BRDA:181,8,1,0
BRDA:184,9,0,0
BRDA:184,9,1,0
BRDA:185,10,0,0
BRDA:185,10,1,0
BRDA:185,11,0,0
BRDA:185,11,1,0
BRDA:186,12,0,0
BRDA:186,12,1,0
BRDA:186,13,0,0
BRDA:186,13,1,0
BRDA:252,14,0,0
BRDA:252,14,1,0
BRDA:253,15,0,0
BRDA:253,15,1,0
BRDA:265,16,0,0
BRDA:265,16,1,0
BRDA:265,17,0,0
BRDA:265,17,1,0
BRDA:268,18,0,0
BRDA:268,18,1,0
BRDA:272,19,0,0
BRDA:272,19,1,0
BRDA:284,20,0,0
BRDA:284,20,1,0
BRDA:284,21,0,0
BRDA:284,21,1,0
BRDA:287,22,0,0
BRDA:287,22,1,0
BRDA:291,23,0,0
BRDA:291,23,1,0
BRDA:368,24,0,0
BRDA:368,24,1,0
BRDA:368,24,2,0
BRDA:369,25,0,0
BRDA:369,25,1,0
BRDA:372,26,0,0
BRDA:372,26,1,0
BRDA:375,27,0,0
BRDA:375,27,1,0
BRDA:378,28,0,0
BRDA:378,28,1,0
BRDA:381,29,0,0
BRDA:381,29,1,0
BRDA:387,30,0,0
BRDA:387,30,1,0
BRDA:390,31,0,0
BRDA:390,31,1,0
BRDA:393,32,0,0
BRDA:393,32,1,0
BRDA:399,33,0,0
BRDA:399,33,1,0
BRDA:402,34,0,0
BRDA:402,34,1,0
BRDA:411,35,0,0
BRDA:411,35,1,0
BRDA:411,35,2,0
BRDA:411,35,3,0
BRDA:412,36,0,0
BRDA:412,36,1,0
BRDA:415,37,0,0
BRDA:415,37,1,0
BRDA:418,38,0,0
BRDA:418,38,1,0
BRDA:421,39,0,0
BRDA:421,39,1,0
BRDA:424,40,0,0
BRDA:424,40,1,0
BRDA:430,41,0,0
BRDA:430,41,1,0
BRDA:433,42,0,0
BRDA:433,42,1,0
BRDA:436,43,0,0
BRDA:436,43,1,0
BRDA:442,44,0,0
BRDA:442,44,1,0
BRDA:445,45,0,0
BRDA:445,45,1,0
BRDA:451,46,0,0
BRDA:451,46,1,0
BRDA:454,47,0,0
BRDA:454,47,1,0
BRDA:461,48,0,0
BRDA:461,48,1,2
BRDA:477,49,0,0
BRDA:477,49,1,0
BRDA:477,50,0,0
BRDA:477,50,1,0
BRDA:488,51,0,0
BRDA:488,51,1,0
BRDA:509,52,0,0
BRDA:509,52,1,0
BRDA:509,53,0,0
BRDA:509,53,1,0
BRDA:514,54,0,0
BRDA:514,54,1,0
BRDA:514,55,0,0
BRDA:514,55,1,0
BRDA:519,56,0,0
BRDA:519,56,1,0
BRDA:519,57,0,0
BRDA:519,57,1,0
BRDA:519,57,2,0
BRDA:519,57,3,0
BRDA:525,58,0,0
BRDA:525,58,1,0
BRDA:531,59,0,0
BRDA:531,59,1,0
BRDA:545,60,0,0
BRDA:545,60,1,0
BRDA:545,61,0,0
BRDA:545,61,1,0
BRDA:551,62,0,0
BRDA:551,62,1,0
BRDA:583,63,0,0
BRDA:583,63,1,0
BRF:133
BRH:1
end_of_record
TN:
SF:/Users/chenghannkoi/Documents/GitHub/BIT216-ESWeb/esweb/src/app/dashboard/dashboard-admin.component.ts
FN:13,(anonymous_0)
FN:20,(anonymous_1)
FNF:2
FNH:2
FNDA:1,(anonymous_0)
FNDA:1,(anonymous_1)
DA:12,1
DA:13,1
DA:14,1
DA:18,1
DA:21,1
DA:22,1
LF:6
LH:6
BRF:0
BRH:0
end_of_record
TN:
SF:/Users/chenghannkoi/Documents/GitHub/BIT216-ESWeb/esweb/src/app/dashboard/dashboard-collector.component.ts
FN:13,(anonymous_0)
FN:26,(anonymous_1)
FNF:2
FNH:2
FNDA:1,(anonymous_0)
FNDA:1,(anonymous_1)
DA:12,1
DA:13,1
DA:14,1
DA:19,1
DA:20,1
DA:21,1
DA:22,1
DA:23,1
DA:24,1
DA:25,1
DA:27,1
DA:28,1
DA:29,1
DA:30,1
DA:31,1
DA:32,1
LF:16
LH:16
BRF:0
BRH:0
end_of_record
TN:
SF:/Users/chenghannkoi/Documents/GitHub/BIT216-ESWeb/esweb/src/app/dashboard/dashboard-user.component.ts
FN:14,(anonymous_0)
FN:27,(anonymous_1)
FN:36,(anonymous_2)
FNF:3
FNH:2
FNDA:1,(anonymous_0)
FNDA:1,(anonymous_1)
FNDA:0,(anonymous_2)
DA:13,1
DA:14,1
DA:15,1
DA:20,1
DA:21,1
DA:22,1
DA:23,1
DA:24,1
DA:25,1
DA:26,1
DA:28,1
DA:29,1
DA:30,1
DA:31,1
DA:32,1
DA:33,1
DA:37,0
LF:17
LH:16
BRF:0
BRH:0
end_of_record
TN:
SF:/Users/chenghannkoi/Documents/GitHub/BIT216-ESWeb/esweb/src/app/dashboard/dashboard-sidenav/dashboard-sidenav.component.ts
FN:21,(anonymous_0)
FN:17,(anonymous_1)
FNF:2
FNH:2
FNDA:1,(anonymous_0)
FNDA:1,(anonymous_1)
DA:12,1
DA:15,1
DA:17,1
DA:21,1
LF:4
LH:4
BRF:0
BRH:0
end_of_record
TN:
SF:/Users/chenghannkoi/Documents/GitHub/BIT216-ESWeb/esweb/src/app/datatable/datatable.component.ts
FN:33,(anonymous_0)
FN:40,(anonymous_1)
FN:50,(anonymous_2)
FN:55,(anonymous_3)
FN:62,(anonymous_4)
FNF:5
FNH:0
FNDA:0,(anonymous_0)
FNDA:0,(anonymous_1)
FNDA:0,(anonymous_2)
FNDA:0,(anonymous_3)
FNDA:0,(anonymous_4)
DA:16,1
DA:31,1
DA:33,0
DA:34,0
DA:35,0
DA:36,0
DA:37,0
DA:41,0
DA:42,0
DA:43,0
DA:44,0
DA:45,0
DA:46,0
DA:51,0
DA:52,0
DA:56,0
DA:57,0
DA:64,0
DA:65,0
DA:66,0
DA:67,0
DA:68,0
LF:22
LH:2
BRF:0
BRH:0
end_of_record
TN:
SF:/Users/chenghannkoi/Documents/GitHub/BIT216-ESWeb/esweb/src/app/datatable/create-material-form/create-material-form.component.ts
FN:12,(anonymous_0)
FN:14,(anonymous_1)
FNF:2
FNH:2
FNDA:1,(anonymous_0)
FNDA:1,(anonymous_1)
DA:11,1
DA:12,1
LF:2
LH:2
BRF:0
BRH:0
end_of_record
TN:
SF:/Users/chenghannkoi/Documents/GitHub/BIT216-ESWeb/esweb/src/app/datatable/shared/create-material.service.ts
FN:9,(anonymous_0)
FN:19,(anonymous_1)
FNF:2
FNH:1
FNDA:3,(anonymous_0)
FNDA:0,(anonymous_1)
DA:7,1
DA:11,3
DA:20,0
LF:3
LH:2
BRF:0
BRH:0
end_of_record
TN:
SF:/Users/chenghannkoi/Documents/GitHub/BIT216-ESWeb/esweb/src/app/datatable/shared/material.service.ts
FN:13,(anonymous_0)
FN:15,(anonymous_1)
FN:18,(anonymous_2)
FNF:3
FNH:0
FNDA:0,(anonymous_0)
FNDA:0,(anonymous_1)
FNDA:0,(anonymous_2)
DA:12,1
DA:13,0
DA:19,0
DA:26,0
LF:4
LH:1
BRF:0
BRH:0
end_of_record
TN:
SF:/Users/chenghannkoi/Documents/GitHub/BIT216-ESWeb/esweb/src/app/datatable/shared/notification.service.ts
FN:9,(anonymous_0)
FN:12,(anonymous_1)
FNF:2
FNH:0
FNDA:0,(anonymous_0)
FNDA:0,(anonymous_1)
DA:7,1
DA:9,0
DA:13,0
LF:3
LH:1
BRF:0
BRH:0
end_of_record
TN:
SF:/Users/chenghannkoi/Documents/GitHub/BIT216-ESWeb/esweb/src/app/home/home.component.ts
FN:12,(anonymous_0)
FNF:1
FNH:1
FNDA:1,(anonymous_0)
DA:11,1
DA:12,1
DA:13,1
LF:3
LH:3
BRF:0
BRH:0
end_of_record
TN:
SF:/Users/chenghannkoi/Documents/GitHub/BIT216-ESWeb/esweb/src/app/user-nav/user-nav.component.ts
FN:22,(anonymous_0)
FN:18,(anonymous_1)
FN:40,(anonymous_2)
FN:50,(anonymous_3)
FN:89,(anonymous_4)
FNF:5
FNH:4
FNDA:1,(anonymous_0)
FNDA:1,(anonymous_1)
FNDA:2,(anonymous_2)
FNDA:1,(anonymous_3)
FNDA:0,(anonymous_4)
DA:12,1
DA:16,1
DA:18,1
DA:22,1
DA:24,1
DA:25,1
DA:26,1
DA:27,1
DA:28,1
DA:29,1
DA:30,1
DA:41,2
DA:42,0
DA:45,2
DA:46,0
DA:52,1
DA:53,0
DA:54,0
DA:55,0
DA:56,0
DA:57,0
DA:58,0
DA:60,0
DA:61,0
DA:62,0
DA:63,0
DA:64,0
DA:65,0
DA:69,1
DA:70,0
DA:71,0
DA:72,0
DA:73,0
DA:74,0
DA:75,0
DA:77,0
DA:78,0
DA:79,0
DA:80,0
DA:81,0
DA:82,0
DA:90,0
LF:42
LH:15
BRDA:41,0,0,0
BRDA:41,0,1,2
BRDA:45,1,0,0
BRDA:45,1,1,2
BRDA:52,2,0,0
BRDA:52,2,1,1
BRDA:69,3,0,0
BRDA:69,3,1,1
BRF:8
BRH:4
end_of_record
